<?xml version="1.0" encoding="UTF-8"?>
<robot generator="Robot 7.3.2 (Python 3.13.7 on win32)" generated="2026-04-02T10:03:21.048490" rpa="false" schemaversion="5">
<suite id="s1" name="Test" source="C:\python_study\Jio_hot_star_IOS\Test">
<errors>
<msg time="2026-04-02T10:03:21.293105" level="ERROR">Error in file 'C:\python_study\Jio_hot_star_IOS\Resource\Keywords\Home_page.robot' on line 2: Importing library 'C:\python_study\Jio_hot_star_IOS\Resource\Keywords\sign_in.py' failed: ModuleNotFoundError: No module named 'Libraries'
Traceback (most recent call last):
  File "C:\python_study\Jio_hot_star_IOS\Resource\Keywords\sign_in.py", line 4, in &lt;module&gt;
    from Libraries import shared_utils
PYTHONPATH:
  C:\python_study\Jio_hot_star_IOS\Resource\Keywords
  C:\Users\C5403671\AppData\Local\Programs\Python\Python313\Scripts\robot.exe
  C:\python_study\Jio_hot_start_IOS
  C:\Users\C5403671\AppData\Local\Programs\Python\Python313\python313.zip
  C:\Users\C5403671\AppData\Local\Programs\Python\Python313\DLLs
  C:\Users\C5403671\AppData\Local\Programs\Python\Python313\Lib
  C:\Users\C5403671\AppData\Local\Programs\Python\Python313
  C:\Users\C5403671\AppData\Local\Programs\Python\Python313\Lib\site-packages
  C:\Users\C5403671\AppData\Local\Programs\Python\Python313\Lib\site-packages\win32
  C:\Users\C5403671\AppData\Local\Programs\Python\Python313\Lib\site-packages\win32\lib
  C:\Users\C5403671\AppData\Local\Programs\Python\Python313\Lib\site-packages\Pythonwin</msg>
<msg time="2026-04-02T10:03:45.298559" level="ERROR">Execution stopped by user.</msg>
</errors>
</robot>
